[2021-09-15 12:48:30] app.ERROR: Data from PrestaShop Addons is invalid, and cannot fallback on cache.  {"exception":"cURL error 28: Operation timed out after 5004 milliseconds with 544755 bytes received"} []
[2021-09-15 12:48:31] app.INFO: Protect vendor folder in module blockreassurance [] []
[2021-09-15 12:48:31] app.INFO: Module blockreassurance has no vendor folder [] []
[2021-09-15 12:49:39] app.ERROR: Data from PrestaShop Addons is invalid, and cannot fallback on cache.  {"exception":"cURL error 28: Operation timed out after 5001 milliseconds with 0 bytes received"} []
[2021-09-15 12:49:43] app.INFO: Protect vendor folder in module ps_facetedsearch [] []
[2021-09-15 12:49:43] app.INFO: Module ps_facetedsearch has no vendor folder [] []
[2021-09-16 07:21:14] request.INFO: Matched route "admin_international_translations_show_settings". {"route":"admin_international_translations_show_settings","route_parameters":{"_controller":"PrestaShopBundle\\Controller\\Admin\\TranslationsController::showSettingsAction","_legacy_controller":"AdminTranslations","_legacy_link":"AdminTranslations:settings","_route":"admin_international_translations_show_settings"},"request_uri":"http://localhost/MonProjet/admin374hj57bz/index.php/improve/international/translations/settings?_token=8njQjmzNDA-p6tn0OK9ZDkGN_0tNKB_BcijnqM2As64","method":"GET"} []
[2021-09-16 07:21:14] security.DEBUG: Read existing security token from the session. {"key":"_security_main","token_class":"Symfony\\Component\\Security\\Core\\Authentication\\Token\\UsernamePasswordToken"} []
[2021-09-16 07:21:14] security.DEBUG: User was reloaded from a user provider. {"provider":"PrestaShopBundle\\Security\\Admin\\EmployeeProvider","username":"bakhoumdemba1@gmail.com"} []
[2021-09-16 07:21:15] app.ERROR: Data from PrestaShop Addons is invalid, and cannot fallback on cache.  {"exception":"cURL error 6: Could not resolve host: api-addons.prestashop.com"} []
[2021-09-16 07:21:21] security.DEBUG: Stored the security token in the session. {"key":"_security_main"} []
[2021-09-16 22:30:19] request.INFO: Matched route "admin_module_manage". {"route":"admin_module_manage","route_parameters":{"category":null,"keyword":null,"_controller":"PrestaShopBundle\\Controller\\Admin\\Improve\\ModuleController::manageAction","_legacy_controller":"AdminModulesManage","_legacy_link":["AdminModulesManage","AdminModulesSf"],"_route":"admin_module_manage"},"request_uri":"http://localhost/MonProjet/admin374hj57bz/index.php/improve/modules/manage?_token=ja5u0IlqA4ilKg5hzjlo_dZn9PFjHv3RJnT28oCNyis","method":"GET"} []
[2021-09-16 22:30:19] security.DEBUG: Read existing security token from the session. {"key":"_security_main","token_class":"Symfony\\Component\\Security\\Core\\Authentication\\Token\\UsernamePasswordToken"} []
[2021-09-16 22:30:19] security.DEBUG: User was reloaded from a user provider. {"provider":"PrestaShopBundle\\Security\\Admin\\EmployeeProvider","username":"bakhoumdemba1@gmail.com"} []
[2021-09-16 22:30:21] app.ERROR: Data from PrestaShop Addons is invalid, and cannot fallback on cache.  {"exception":"cURL error 6: Could not resolve host: api-addons.prestashop.com"} []
[2021-09-16 22:30:30] security.DEBUG: Stored the security token in the session. {"key":"_security_main"} []
[2021-09-16 22:39:35] request.INFO: Matched route "admin_product_form". {"route":"admin_product_form","route_parameters":{"_controller":"PrestaShopBundle\\Controller\\Admin\\ProductController::formAction","_legacy_controller":"AdminProducts","_legacy_param_mapper_class":"PrestaShop\\PrestaShop\\Adapter\\Product\\AdminProductDataProvider","_legacy_param_mapper_method":"mapLegacyParametersProductForm","id":"1","_route":"admin_product_form"},"request_uri":"http://localhost/MonProjet/admin374hj57bz/index.php/sell/catalog/products/1?_token=Kyft8Y7xVIo37Syunm4vxXwSlhuX2t_jeuXlEh1DcZY","method":"GET"} []
[2021-09-16 22:39:35] security.DEBUG: Read existing security token from the session. {"key":"_security_main","token_class":"Symfony\\Component\\Security\\Core\\Authentication\\Token\\UsernamePasswordToken"} []
[2021-09-16 22:39:35] security.DEBUG: User was reloaded from a user provider. {"provider":"PrestaShopBundle\\Security\\Admin\\EmployeeProvider","username":"bakhoumdemba1@gmail.com"} []
[2021-09-16 22:39:42] app.ERROR: Data from PrestaShop Addons is invalid, and cannot fallback on cache.  {"exception":"cURL error 6: Could not resolve host: api-addons.prestashop.com"} []
[2021-09-16 22:39:45] security.DEBUG: Stored the security token in the session. {"key":"_security_main"} []
[2021-09-16 22:44:05] request.INFO: Matched route "admin_product_form". {"route":"admin_product_form","route_parameters":{"_controller":"PrestaShopBundle\\Controller\\Admin\\ProductController::formAction","_legacy_controller":"AdminProducts","_legacy_param_mapper_class":"PrestaShop\\PrestaShop\\Adapter\\Product\\AdminProductDataProvider","_legacy_param_mapper_method":"mapLegacyParametersProductForm","id":"2","_route":"admin_product_form"},"request_uri":"http://localhost/MonProjet/admin374hj57bz/index.php/sell/catalog/products/2?_token=Kyft8Y7xVIo37Syunm4vxXwSlhuX2t_jeuXlEh1DcZY","method":"GET"} []
[2021-09-16 22:44:05] security.DEBUG: Read existing security token from the session. {"key":"_security_main","token_class":"Symfony\\Component\\Security\\Core\\Authentication\\Token\\UsernamePasswordToken"} []
[2021-09-16 22:44:05] security.DEBUG: User was reloaded from a user provider. {"provider":"PrestaShopBundle\\Security\\Admin\\EmployeeProvider","username":"bakhoumdemba1@gmail.com"} []
[2021-09-16 22:44:06] app.ERROR: Data from PrestaShop Addons is invalid, and cannot fallback on cache.  {"exception":"cURL error 6: Could not resolve host: api-addons.prestashop.com"} []
[2021-09-16 22:44:06] security.DEBUG: Stored the security token in the session. {"key":"_security_main"} []
[2021-09-16 22:47:14] request.INFO: Matched route "admin_product_form". {"route":"admin_product_form","route_parameters":{"_controller":"PrestaShopBundle\\Controller\\Admin\\ProductController::formAction","_legacy_controller":"AdminProducts","_legacy_param_mapper_class":"PrestaShop\\PrestaShop\\Adapter\\Product\\AdminProductDataProvider","_legacy_param_mapper_method":"mapLegacyParametersProductForm","id":"3","_route":"admin_product_form"},"request_uri":"http://localhost/MonProjet/admin374hj57bz/index.php/sell/catalog/products/3?_token=Kyft8Y7xVIo37Syunm4vxXwSlhuX2t_jeuXlEh1DcZY","method":"GET"} []
[2021-09-16 22:47:14] security.DEBUG: Read existing security token from the session. {"key":"_security_main","token_class":"Symfony\\Component\\Security\\Core\\Authentication\\Token\\UsernamePasswordToken"} []
[2021-09-16 22:47:14] security.DEBUG: User was reloaded from a user provider. {"provider":"PrestaShopBundle\\Security\\Admin\\EmployeeProvider","username":"bakhoumdemba1@gmail.com"} []
[2021-09-16 22:47:16] app.ERROR: Data from PrestaShop Addons is invalid, and cannot fallback on cache.  {"exception":"cURL error 6: Could not resolve host: api-addons.prestashop.com"} []
[2021-09-16 22:47:16] security.DEBUG: Stored the security token in the session. {"key":"_security_main"} []
[2021-09-16 22:50:29] request.INFO: Matched route "admin_product_form". {"route":"admin_product_form","route_parameters":{"_controller":"PrestaShopBundle\\Controller\\Admin\\ProductController::formAction","_legacy_controller":"AdminProducts","_legacy_param_mapper_class":"PrestaShop\\PrestaShop\\Adapter\\Product\\AdminProductDataProvider","_legacy_param_mapper_method":"mapLegacyParametersProductForm","id":"4","_route":"admin_product_form"},"request_uri":"http://localhost/MonProjet/admin374hj57bz/index.php/sell/catalog/products/4?_token=Kyft8Y7xVIo37Syunm4vxXwSlhuX2t_jeuXlEh1DcZY","method":"GET"} []
[2021-09-16 22:50:29] security.DEBUG: Read existing security token from the session. {"key":"_security_main","token_class":"Symfony\\Component\\Security\\Core\\Authentication\\Token\\UsernamePasswordToken"} []
[2021-09-16 22:50:29] security.DEBUG: User was reloaded from a user provider. {"provider":"PrestaShopBundle\\Security\\Admin\\EmployeeProvider","username":"bakhoumdemba1@gmail.com"} []
[2021-09-16 22:50:31] app.ERROR: Data from PrestaShop Addons is invalid, and cannot fallback on cache.  {"exception":"cURL error 6: Could not resolve host: api-addons.prestashop.com"} []
[2021-09-16 22:50:31] security.DEBUG: Stored the security token in the session. {"key":"_security_main"} []
[2021-09-16 22:53:39] request.INFO: Matched route "admin_product_form". {"route":"admin_product_form","route_parameters":{"_controller":"PrestaShopBundle\\Controller\\Admin\\ProductController::formAction","_legacy_controller":"AdminProducts","_legacy_param_mapper_class":"PrestaShop\\PrestaShop\\Adapter\\Product\\AdminProductDataProvider","_legacy_param_mapper_method":"mapLegacyParametersProductForm","id":"5","_route":"admin_product_form"},"request_uri":"http://localhost/MonProjet/admin374hj57bz/index.php/sell/catalog/products/5?_token=Kyft8Y7xVIo37Syunm4vxXwSlhuX2t_jeuXlEh1DcZY","method":"GET"} []
[2021-09-16 22:53:39] security.DEBUG: Read existing security token from the session. {"key":"_security_main","token_class":"Symfony\\Component\\Security\\Core\\Authentication\\Token\\UsernamePasswordToken"} []
[2021-09-16 22:53:39] security.DEBUG: User was reloaded from a user provider. {"provider":"PrestaShopBundle\\Security\\Admin\\EmployeeProvider","username":"bakhoumdemba1@gmail.com"} []
[2021-09-16 22:53:40] app.ERROR: Data from PrestaShop Addons is invalid, and cannot fallback on cache.  {"exception":"cURL error 6: Could not resolve host: api-addons.prestashop.com"} []
[2021-09-16 22:53:41] security.DEBUG: Stored the security token in the session. {"key":"_security_main"} []
[2021-09-16 22:57:53] request.INFO: Matched route "admin_product_form". {"route":"admin_product_form","route_parameters":{"_controller":"PrestaShopBundle\\Controller\\Admin\\ProductController::formAction","_legacy_controller":"AdminProducts","_legacy_param_mapper_class":"PrestaShop\\PrestaShop\\Adapter\\Product\\AdminProductDataProvider","_legacy_param_mapper_method":"mapLegacyParametersProductForm","id":"6","_route":"admin_product_form"},"request_uri":"http://localhost/MonProjet/admin374hj57bz/index.php/sell/catalog/products/6?_token=Kyft8Y7xVIo37Syunm4vxXwSlhuX2t_jeuXlEh1DcZY","method":"GET"} []
[2021-09-16 22:57:53] security.DEBUG: Read existing security token from the session. {"key":"_security_main","token_class":"Symfony\\Component\\Security\\Core\\Authentication\\Token\\UsernamePasswordToken"} []
[2021-09-16 22:57:53] security.DEBUG: User was reloaded from a user provider. {"provider":"PrestaShopBundle\\Security\\Admin\\EmployeeProvider","username":"bakhoumdemba1@gmail.com"} []
[2021-09-16 22:57:54] app.ERROR: Data from PrestaShop Addons is invalid, and cannot fallback on cache.  {"exception":"cURL error 6: Could not resolve host: api-addons.prestashop.com"} []
[2021-09-16 22:57:54] security.DEBUG: Stored the security token in the session. {"key":"_security_main"} []
[2021-09-16 23:00:25] request.INFO: Matched route "admin_product_form". {"route":"admin_product_form","route_parameters":{"_controller":"PrestaShopBundle\\Controller\\Admin\\ProductController::formAction","_legacy_controller":"AdminProducts","_legacy_param_mapper_class":"PrestaShop\\PrestaShop\\Adapter\\Product\\AdminProductDataProvider","_legacy_param_mapper_method":"mapLegacyParametersProductForm","id":"7","_route":"admin_product_form"},"request_uri":"http://localhost/MonProjet/admin374hj57bz/index.php/sell/catalog/products/7?_token=Kyft8Y7xVIo37Syunm4vxXwSlhuX2t_jeuXlEh1DcZY","method":"GET"} []
[2021-09-16 23:00:25] security.DEBUG: Read existing security token from the session. {"key":"_security_main","token_class":"Symfony\\Component\\Security\\Core\\Authentication\\Token\\UsernamePasswordToken"} []
[2021-09-16 23:00:25] security.DEBUG: User was reloaded from a user provider. {"provider":"PrestaShopBundle\\Security\\Admin\\EmployeeProvider","username":"bakhoumdemba1@gmail.com"} []
[2021-09-16 23:00:27] app.ERROR: Data from PrestaShop Addons is invalid, and cannot fallback on cache.  {"exception":"cURL error 6: Could not resolve host: api-addons.prestashop.com"} []
[2021-09-16 23:00:27] security.DEBUG: Stored the security token in the session. {"key":"_security_main"} []
[2021-09-16 23:03:17] request.INFO: Matched route "admin_product_form". {"route":"admin_product_form","route_parameters":{"_controller":"PrestaShopBundle\\Controller\\Admin\\ProductController::formAction","_legacy_controller":"AdminProducts","_legacy_param_mapper_class":"PrestaShop\\PrestaShop\\Adapter\\Product\\AdminProductDataProvider","_legacy_param_mapper_method":"mapLegacyParametersProductForm","id":"8","_route":"admin_product_form"},"request_uri":"http://localhost/MonProjet/admin374hj57bz/index.php/sell/catalog/products/8?_token=Kyft8Y7xVIo37Syunm4vxXwSlhuX2t_jeuXlEh1DcZY","method":"GET"} []
[2021-09-16 23:03:17] security.DEBUG: Read existing security token from the session. {"key":"_security_main","token_class":"Symfony\\Component\\Security\\Core\\Authentication\\Token\\UsernamePasswordToken"} []
[2021-09-16 23:03:17] security.DEBUG: User was reloaded from a user provider. {"provider":"PrestaShopBundle\\Security\\Admin\\EmployeeProvider","username":"bakhoumdemba1@gmail.com"} []
[2021-09-16 23:03:19] app.ERROR: Data from PrestaShop Addons is invalid, and cannot fallback on cache.  {"exception":"cURL error 6: Could not resolve host: api-addons.prestashop.com"} []
[2021-09-16 23:03:19] security.DEBUG: Stored the security token in the session. {"key":"_security_main"} []
[2021-09-16 23:09:06] request.INFO: Matched route "admin_product_form". {"route":"admin_product_form","route_parameters":{"_controller":"PrestaShopBundle\\Controller\\Admin\\ProductController::formAction","_legacy_controller":"AdminProducts","_legacy_param_mapper_class":"PrestaShop\\PrestaShop\\Adapter\\Product\\AdminProductDataProvider","_legacy_param_mapper_method":"mapLegacyParametersProductForm","id":"9","_route":"admin_product_form"},"request_uri":"http://localhost/MonProjet/admin374hj57bz/index.php/sell/catalog/products/9?_token=Kyft8Y7xVIo37Syunm4vxXwSlhuX2t_jeuXlEh1DcZY","method":"GET"} []
[2021-09-16 23:09:06] security.DEBUG: Read existing security token from the session. {"key":"_security_main","token_class":"Symfony\\Component\\Security\\Core\\Authentication\\Token\\UsernamePasswordToken"} []
[2021-09-16 23:09:06] security.DEBUG: User was reloaded from a user provider. {"provider":"PrestaShopBundle\\Security\\Admin\\EmployeeProvider","username":"bakhoumdemba1@gmail.com"} []
[2021-09-16 23:09:08] app.ERROR: Data from PrestaShop Addons is invalid, and cannot fallback on cache.  {"exception":"cURL error 6: Could not resolve host: api-addons.prestashop.com"} []
[2021-09-16 23:09:08] security.DEBUG: Stored the security token in the session. {"key":"_security_main"} []
[2021-09-16 23:11:15] request.INFO: Matched route "admin_product_form". {"route":"admin_product_form","route_parameters":{"_controller":"PrestaShopBundle\\Controller\\Admin\\ProductController::formAction","_legacy_controller":"AdminProducts","_legacy_param_mapper_class":"PrestaShop\\PrestaShop\\Adapter\\Product\\AdminProductDataProvider","_legacy_param_mapper_method":"mapLegacyParametersProductForm","id":"10","_route":"admin_product_form"},"request_uri":"http://localhost/MonProjet/admin374hj57bz/index.php/sell/catalog/products/10?_token=Kyft8Y7xVIo37Syunm4vxXwSlhuX2t_jeuXlEh1DcZY","method":"GET"} []
[2021-09-16 23:11:15] security.DEBUG: Read existing security token from the session. {"key":"_security_main","token_class":"Symfony\\Component\\Security\\Core\\Authentication\\Token\\UsernamePasswordToken"} []
[2021-09-16 23:11:15] security.DEBUG: User was reloaded from a user provider. {"provider":"PrestaShopBundle\\Security\\Admin\\EmployeeProvider","username":"bakhoumdemba1@gmail.com"} []
[2021-09-16 23:11:16] app.ERROR: Data from PrestaShop Addons is invalid, and cannot fallback on cache.  {"exception":"cURL error 6: Could not resolve host: api-addons.prestashop.com"} []
[2021-09-16 23:11:17] security.DEBUG: Stored the security token in the session. {"key":"_security_main"} []
[2021-09-16 23:15:48] request.INFO: Matched route "admin_product_form". {"route":"admin_product_form","route_parameters":{"_controller":"PrestaShopBundle\\Controller\\Admin\\ProductController::formAction","_legacy_controller":"AdminProducts","_legacy_param_mapper_class":"PrestaShop\\PrestaShop\\Adapter\\Product\\AdminProductDataProvider","_legacy_param_mapper_method":"mapLegacyParametersProductForm","id":"11","_route":"admin_product_form"},"request_uri":"http://localhost/MonProjet/admin374hj57bz/index.php/sell/catalog/products/11?_token=Kyft8Y7xVIo37Syunm4vxXwSlhuX2t_jeuXlEh1DcZY","method":"GET"} []
[2021-09-16 23:15:48] security.DEBUG: Read existing security token from the session. {"key":"_security_main","token_class":"Symfony\\Component\\Security\\Core\\Authentication\\Token\\UsernamePasswordToken"} []
[2021-09-16 23:15:48] security.DEBUG: User was reloaded from a user provider. {"provider":"PrestaShopBundle\\Security\\Admin\\EmployeeProvider","username":"bakhoumdemba1@gmail.com"} []
[2021-09-16 23:15:50] app.ERROR: Data from PrestaShop Addons is invalid, and cannot fallback on cache.  {"exception":"cURL error 6: Could not resolve host: api-addons.prestashop.com"} []
[2021-09-16 23:15:50] security.DEBUG: Stored the security token in the session. {"key":"_security_main"} []
[2021-09-16 23:18:32] request.INFO: Matched route "admin_product_form". {"route":"admin_product_form","route_parameters":{"_controller":"PrestaShopBundle\\Controller\\Admin\\ProductController::formAction","_legacy_controller":"AdminProducts","_legacy_param_mapper_class":"PrestaShop\\PrestaShop\\Adapter\\Product\\AdminProductDataProvider","_legacy_param_mapper_method":"mapLegacyParametersProductForm","id":"12","_route":"admin_product_form"},"request_uri":"http://localhost/MonProjet/admin374hj57bz/index.php/sell/catalog/products/12?_token=Kyft8Y7xVIo37Syunm4vxXwSlhuX2t_jeuXlEh1DcZY","method":"GET"} []
[2021-09-16 23:18:32] security.DEBUG: Read existing security token from the session. {"key":"_security_main","token_class":"Symfony\\Component\\Security\\Core\\Authentication\\Token\\UsernamePasswordToken"} []
[2021-09-16 23:18:32] security.DEBUG: User was reloaded from a user provider. {"provider":"PrestaShopBundle\\Security\\Admin\\EmployeeProvider","username":"bakhoumdemba1@gmail.com"} []
[2021-09-16 23:18:33] app.ERROR: Data from PrestaShop Addons is invalid, and cannot fallback on cache.  {"exception":"cURL error 6: Could not resolve host: api-addons.prestashop.com"} []
[2021-09-16 23:18:33] security.DEBUG: Stored the security token in the session. {"key":"_security_main"} []
[2021-09-16 23:22:59] request.INFO: Matched route "admin_product_form". {"route":"admin_product_form","route_parameters":{"_controller":"PrestaShopBundle\\Controller\\Admin\\ProductController::formAction","_legacy_controller":"AdminProducts","_legacy_param_mapper_class":"PrestaShop\\PrestaShop\\Adapter\\Product\\AdminProductDataProvider","_legacy_param_mapper_method":"mapLegacyParametersProductForm","id":"13","_route":"admin_product_form"},"request_uri":"http://localhost/MonProjet/admin374hj57bz/index.php/sell/catalog/products/13?_token=Kyft8Y7xVIo37Syunm4vxXwSlhuX2t_jeuXlEh1DcZY","method":"GET"} []
[2021-09-16 23:22:59] security.DEBUG: Read existing security token from the session. {"key":"_security_main","token_class":"Symfony\\Component\\Security\\Core\\Authentication\\Token\\UsernamePasswordToken"} []
[2021-09-16 23:22:59] security.DEBUG: User was reloaded from a user provider. {"provider":"PrestaShopBundle\\Security\\Admin\\EmployeeProvider","username":"bakhoumdemba1@gmail.com"} []
[2021-09-16 23:23:00] app.ERROR: Data from PrestaShop Addons is invalid, and cannot fallback on cache.  {"exception":"cURL error 6: Could not resolve host: api-addons.prestashop.com"} []
[2021-09-16 23:23:01] security.DEBUG: Stored the security token in the session. {"key":"_security_main"} []
[2021-09-16 23:24:47] request.INFO: Matched route "admin_product_form". {"route":"admin_product_form","route_parameters":{"_controller":"PrestaShopBundle\\Controller\\Admin\\ProductController::formAction","_legacy_controller":"AdminProducts","_legacy_param_mapper_class":"PrestaShop\\PrestaShop\\Adapter\\Product\\AdminProductDataProvider","_legacy_param_mapper_method":"mapLegacyParametersProductForm","id":"14","_route":"admin_product_form"},"request_uri":"http://localhost/MonProjet/admin374hj57bz/index.php/sell/catalog/products/14?_token=Kyft8Y7xVIo37Syunm4vxXwSlhuX2t_jeuXlEh1DcZY","method":"GET"} []
[2021-09-16 23:24:47] security.DEBUG: Read existing security token from the session. {"key":"_security_main","token_class":"Symfony\\Component\\Security\\Core\\Authentication\\Token\\UsernamePasswordToken"} []
[2021-09-16 23:24:47] security.DEBUG: User was reloaded from a user provider. {"provider":"PrestaShopBundle\\Security\\Admin\\EmployeeProvider","username":"bakhoumdemba1@gmail.com"} []
[2021-09-16 23:24:49] app.ERROR: Data from PrestaShop Addons is invalid, and cannot fallback on cache.  {"exception":"cURL error 6: Could not resolve host: api-addons.prestashop.com"} []
[2021-09-16 23:24:49] security.DEBUG: Stored the security token in the session. {"key":"_security_main"} []
[2021-09-16 23:27:22] request.INFO: Matched route "admin_product_form". {"route":"admin_product_form","route_parameters":{"_controller":"PrestaShopBundle\\Controller\\Admin\\ProductController::formAction","_legacy_controller":"AdminProducts","_legacy_param_mapper_class":"PrestaShop\\PrestaShop\\Adapter\\Product\\AdminProductDataProvider","_legacy_param_mapper_method":"mapLegacyParametersProductForm","id":"15","_route":"admin_product_form"},"request_uri":"http://localhost/MonProjet/admin374hj57bz/index.php/sell/catalog/products/15?_token=Kyft8Y7xVIo37Syunm4vxXwSlhuX2t_jeuXlEh1DcZY","method":"GET"} []
[2021-09-16 23:27:22] security.DEBUG: Read existing security token from the session. {"key":"_security_main","token_class":"Symfony\\Component\\Security\\Core\\Authentication\\Token\\UsernamePasswordToken"} []
[2021-09-16 23:27:22] security.DEBUG: User was reloaded from a user provider. {"provider":"PrestaShopBundle\\Security\\Admin\\EmployeeProvider","username":"bakhoumdemba1@gmail.com"} []
[2021-09-16 23:27:24] app.ERROR: Data from PrestaShop Addons is invalid, and cannot fallback on cache.  {"exception":"cURL error 6: Could not resolve host: api-addons.prestashop.com"} []
[2021-09-16 23:27:24] security.DEBUG: Stored the security token in the session. {"key":"_security_main"} []
[2021-09-16 23:33:39] request.INFO: Matched route "admin_product_form". {"route":"admin_product_form","route_parameters":{"_controller":"PrestaShopBundle\\Controller\\Admin\\ProductController::formAction","_legacy_controller":"AdminProducts","_legacy_param_mapper_class":"PrestaShop\\PrestaShop\\Adapter\\Product\\AdminProductDataProvider","_legacy_param_mapper_method":"mapLegacyParametersProductForm","id":"15","_route":"admin_product_form"},"request_uri":"http://localhost/MonProjet/admin374hj57bz/index.php/sell/catalog/products/15?_token=Kyft8Y7xVIo37Syunm4vxXwSlhuX2t_jeuXlEh1DcZY","method":"GET"} []
[2021-09-16 23:33:39] security.DEBUG: Read existing security token from the session. {"key":"_security_main","token_class":"Symfony\\Component\\Security\\Core\\Authentication\\Token\\UsernamePasswordToken"} []
[2021-09-16 23:33:39] security.DEBUG: User was reloaded from a user provider. {"provider":"PrestaShopBundle\\Security\\Admin\\EmployeeProvider","username":"bakhoumdemba1@gmail.com"} []
[2021-09-16 23:33:41] app.ERROR: Data from PrestaShop Addons is invalid, and cannot fallback on cache.  {"exception":"cURL error 6: Could not resolve host: api-addons.prestashop.com"} []
[2021-09-16 23:33:41] security.DEBUG: Stored the security token in the session. {"key":"_security_main"} []
[2021-09-16 23:35:42] request.INFO: Matched route "admin_product_form". {"route":"admin_product_form","route_parameters":{"_controller":"PrestaShopBundle\\Controller\\Admin\\ProductController::formAction","_legacy_controller":"AdminProducts","_legacy_param_mapper_class":"PrestaShop\\PrestaShop\\Adapter\\Product\\AdminProductDataProvider","_legacy_param_mapper_method":"mapLegacyParametersProductForm","id":"16","_route":"admin_product_form"},"request_uri":"http://localhost/MonProjet/admin374hj57bz/index.php/sell/catalog/products/16?_token=Kyft8Y7xVIo37Syunm4vxXwSlhuX2t_jeuXlEh1DcZY","method":"GET"} []
[2021-09-16 23:35:42] security.DEBUG: Read existing security token from the session. {"key":"_security_main","token_class":"Symfony\\Component\\Security\\Core\\Authentication\\Token\\UsernamePasswordToken"} []
[2021-09-16 23:35:42] security.DEBUG: User was reloaded from a user provider. {"provider":"PrestaShopBundle\\Security\\Admin\\EmployeeProvider","username":"bakhoumdemba1@gmail.com"} []
[2021-09-16 23:35:44] app.ERROR: Data from PrestaShop Addons is invalid, and cannot fallback on cache.  {"exception":"cURL error 6: Could not resolve host: api-addons.prestashop.com"} []
[2021-09-16 23:35:44] security.DEBUG: Stored the security token in the session. {"key":"_security_main"} []
[2021-09-16 23:38:03] request.INFO: Matched route "admin_product_form". {"route":"admin_product_form","route_parameters":{"_controller":"PrestaShopBundle\\Controller\\Admin\\ProductController::formAction","_legacy_controller":"AdminProducts","_legacy_param_mapper_class":"PrestaShop\\PrestaShop\\Adapter\\Product\\AdminProductDataProvider","_legacy_param_mapper_method":"mapLegacyParametersProductForm","id":"17","_route":"admin_product_form"},"request_uri":"http://localhost/MonProjet/admin374hj57bz/index.php/sell/catalog/products/17?_token=Kyft8Y7xVIo37Syunm4vxXwSlhuX2t_jeuXlEh1DcZY","method":"GET"} []
[2021-09-16 23:38:03] security.DEBUG: Read existing security token from the session. {"key":"_security_main","token_class":"Symfony\\Component\\Security\\Core\\Authentication\\Token\\UsernamePasswordToken"} []
[2021-09-16 23:38:03] security.DEBUG: User was reloaded from a user provider. {"provider":"PrestaShopBundle\\Security\\Admin\\EmployeeProvider","username":"bakhoumdemba1@gmail.com"} []
[2021-09-16 23:38:05] app.ERROR: Data from PrestaShop Addons is invalid, and cannot fallback on cache.  {"exception":"cURL error 6: Could not resolve host: api-addons.prestashop.com"} []
[2021-09-16 23:38:06] security.DEBUG: Stored the security token in the session. {"key":"_security_main"} []
[2021-09-16 23:40:26] request.INFO: Matched route "admin_product_form". {"route":"admin_product_form","route_parameters":{"_controller":"PrestaShopBundle\\Controller\\Admin\\ProductController::formAction","_legacy_controller":"AdminProducts","_legacy_param_mapper_class":"PrestaShop\\PrestaShop\\Adapter\\Product\\AdminProductDataProvider","_legacy_param_mapper_method":"mapLegacyParametersProductForm","id":"18","_route":"admin_product_form"},"request_uri":"http://localhost/MonProjet/admin374hj57bz/index.php/sell/catalog/products/18?_token=Kyft8Y7xVIo37Syunm4vxXwSlhuX2t_jeuXlEh1DcZY","method":"GET"} []
[2021-09-16 23:40:26] security.DEBUG: Read existing security token from the session. {"key":"_security_main","token_class":"Symfony\\Component\\Security\\Core\\Authentication\\Token\\UsernamePasswordToken"} []
[2021-09-16 23:40:26] security.DEBUG: User was reloaded from a user provider. {"provider":"PrestaShopBundle\\Security\\Admin\\EmployeeProvider","username":"bakhoumdemba1@gmail.com"} []
[2021-09-16 23:40:28] app.ERROR: Data from PrestaShop Addons is invalid, and cannot fallback on cache.  {"exception":"cURL error 6: Could not resolve host: api-addons.prestashop.com"} []
[2021-09-16 23:40:28] security.DEBUG: Stored the security token in the session. {"key":"_security_main"} []
[2021-09-16 23:42:28] request.INFO: Matched route "admin_product_form". {"route":"admin_product_form","route_parameters":{"_controller":"PrestaShopBundle\\Controller\\Admin\\ProductController::formAction","_legacy_controller":"AdminProducts","_legacy_param_mapper_class":"PrestaShop\\PrestaShop\\Adapter\\Product\\AdminProductDataProvider","_legacy_param_mapper_method":"mapLegacyParametersProductForm","id":"19","_route":"admin_product_form"},"request_uri":"http://localhost/MonProjet/admin374hj57bz/index.php/sell/catalog/products/19?_token=Kyft8Y7xVIo37Syunm4vxXwSlhuX2t_jeuXlEh1DcZY","method":"GET"} []
[2021-09-16 23:42:28] security.DEBUG: Read existing security token from the session. {"key":"_security_main","token_class":"Symfony\\Component\\Security\\Core\\Authentication\\Token\\UsernamePasswordToken"} []
[2021-09-16 23:42:28] security.DEBUG: User was reloaded from a user provider. {"provider":"PrestaShopBundle\\Security\\Admin\\EmployeeProvider","username":"bakhoumdemba1@gmail.com"} []
[2021-09-16 23:42:29] app.ERROR: Data from PrestaShop Addons is invalid, and cannot fallback on cache.  {"exception":"cURL error 6: Could not resolve host: api-addons.prestashop.com"} []
[2021-09-16 23:42:30] security.DEBUG: Stored the security token in the session. {"key":"_security_main"} []
[2021-09-16 23:50:43] request.INFO: Matched route "admin_product_form". {"route":"admin_product_form","route_parameters":{"_controller":"PrestaShopBundle\\Controller\\Admin\\ProductController::formAction","_legacy_controller":"AdminProducts","_legacy_param_mapper_class":"PrestaShop\\PrestaShop\\Adapter\\Product\\AdminProductDataProvider","_legacy_param_mapper_method":"mapLegacyParametersProductForm","id":"19","_route":"admin_product_form"},"request_uri":"http://localhost/MonProjet/admin374hj57bz/index.php/sell/catalog/products/19?_token=Kyft8Y7xVIo37Syunm4vxXwSlhuX2t_jeuXlEh1DcZY","method":"GET"} []
[2021-09-16 23:50:43] security.DEBUG: Read existing security token from the session. {"key":"_security_main","token_class":"Symfony\\Component\\Security\\Core\\Authentication\\Token\\UsernamePasswordToken"} []
[2021-09-16 23:50:43] security.DEBUG: User was reloaded from a user provider. {"provider":"PrestaShopBundle\\Security\\Admin\\EmployeeProvider","username":"bakhoumdemba1@gmail.com"} []
[2021-09-16 23:50:44] app.ERROR: Data from PrestaShop Addons is invalid, and cannot fallback on cache.  {"exception":"cURL error 6: Could not resolve host: api-addons.prestashop.com"} []
[2021-09-16 23:50:45] security.DEBUG: Stored the security token in the session. {"key":"_security_main"} []
[2021-09-16 23:53:19] request.INFO: Matched route "admin_product_form". {"route":"admin_product_form","route_parameters":{"_controller":"PrestaShopBundle\\Controller\\Admin\\ProductController::formAction","_legacy_controller":"AdminProducts","_legacy_param_mapper_class":"PrestaShop\\PrestaShop\\Adapter\\Product\\AdminProductDataProvider","_legacy_param_mapper_method":"mapLegacyParametersProductForm","id":"19","_route":"admin_product_form"},"request_uri":"http://localhost/MonProjet/admin374hj57bz/index.php/sell/catalog/products/19?_token=Kyft8Y7xVIo37Syunm4vxXwSlhuX2t_jeuXlEh1DcZY","method":"GET"} []
[2021-09-16 23:53:19] security.DEBUG: Read existing security token from the session. {"key":"_security_main","token_class":"Symfony\\Component\\Security\\Core\\Authentication\\Token\\UsernamePasswordToken"} []
[2021-09-16 23:53:19] security.DEBUG: User was reloaded from a user provider. {"provider":"PrestaShopBundle\\Security\\Admin\\EmployeeProvider","username":"bakhoumdemba1@gmail.com"} []
[2021-09-16 23:53:20] app.ERROR: Data from PrestaShop Addons is invalid, and cannot fallback on cache.  {"exception":"cURL error 6: Could not resolve host: api-addons.prestashop.com"} []
[2021-09-16 23:53:20] security.DEBUG: Stored the security token in the session. {"key":"_security_main"} []
[2021-09-16 23:53:41] request.INFO: Matched route "admin_product_form". {"route":"admin_product_form","route_parameters":{"_controller":"PrestaShopBundle\\Controller\\Admin\\ProductController::formAction","_legacy_controller":"AdminProducts","_legacy_param_mapper_class":"PrestaShop\\PrestaShop\\Adapter\\Product\\AdminProductDataProvider","_legacy_param_mapper_method":"mapLegacyParametersProductForm","id":"19","_route":"admin_product_form"},"request_uri":"http://localhost/MonProjet/admin374hj57bz/index.php/sell/catalog/products/19?_token=Kyft8Y7xVIo37Syunm4vxXwSlhuX2t_jeuXlEh1DcZY","method":"GET"} []
[2021-09-16 23:53:41] security.DEBUG: Read existing security token from the session. {"key":"_security_main","token_class":"Symfony\\Component\\Security\\Core\\Authentication\\Token\\UsernamePasswordToken"} []
[2021-09-16 23:53:41] security.DEBUG: User was reloaded from a user provider. {"provider":"PrestaShopBundle\\Security\\Admin\\EmployeeProvider","username":"bakhoumdemba1@gmail.com"} []
[2021-09-16 23:53:42] app.ERROR: Data from PrestaShop Addons is invalid, and cannot fallback on cache.  {"exception":"cURL error 6: Could not resolve host: api-addons.prestashop.com"} []
[2021-09-16 23:53:42] security.DEBUG: Stored the security token in the session. {"key":"_security_main"} []
[2021-09-16 23:54:43] request.INFO: Matched route "admin_product_form". {"route":"admin_product_form","route_parameters":{"_controller":"PrestaShopBundle\\Controller\\Admin\\ProductController::formAction","_legacy_controller":"AdminProducts","_legacy_param_mapper_class":"PrestaShop\\PrestaShop\\Adapter\\Product\\AdminProductDataProvider","_legacy_param_mapper_method":"mapLegacyParametersProductForm","id":"19","_route":"admin_product_form"},"request_uri":"http://localhost/MonProjet/admin374hj57bz/index.php/sell/catalog/products/19?_token=Kyft8Y7xVIo37Syunm4vxXwSlhuX2t_jeuXlEh1DcZY","method":"GET"} []
[2021-09-16 23:54:43] security.DEBUG: Read existing security token from the session. {"key":"_security_main","token_class":"Symfony\\Component\\Security\\Core\\Authentication\\Token\\UsernamePasswordToken"} []
[2021-09-16 23:54:43] security.DEBUG: User was reloaded from a user provider. {"provider":"PrestaShopBundle\\Security\\Admin\\EmployeeProvider","username":"bakhoumdemba1@gmail.com"} []
[2021-09-16 23:54:44] app.ERROR: Data from PrestaShop Addons is invalid, and cannot fallback on cache.  {"exception":"cURL error 6: Could not resolve host: api-addons.prestashop.com"} []
[2021-09-16 23:54:45] security.DEBUG: Stored the security token in the session. {"key":"_security_main"} []
[2021-09-16 23:55:13] request.INFO: Matched route "admin_product_form". {"route":"admin_product_form","route_parameters":{"_controller":"PrestaShopBundle\\Controller\\Admin\\ProductController::formAction","_legacy_controller":"AdminProducts","_legacy_param_mapper_class":"PrestaShop\\PrestaShop\\Adapter\\Product\\AdminProductDataProvider","_legacy_param_mapper_method":"mapLegacyParametersProductForm","id":"17","_route":"admin_product_form"},"request_uri":"http://localhost/MonProjet/admin374hj57bz/index.php/sell/catalog/products/17?_token=Kyft8Y7xVIo37Syunm4vxXwSlhuX2t_jeuXlEh1DcZY","method":"GET"} []
[2021-09-16 23:55:13] security.DEBUG: Read existing security token from the session. {"key":"_security_main","token_class":"Symfony\\Component\\Security\\Core\\Authentication\\Token\\UsernamePasswordToken"} []
[2021-09-16 23:55:13] security.DEBUG: User was reloaded from a user provider. {"provider":"PrestaShopBundle\\Security\\Admin\\EmployeeProvider","username":"bakhoumdemba1@gmail.com"} []
[2021-09-16 23:55:14] app.ERROR: Data from PrestaShop Addons is invalid, and cannot fallback on cache.  {"exception":"cURL error 6: Could not resolve host: api-addons.prestashop.com"} []
[2021-09-16 23:55:14] security.DEBUG: Stored the security token in the session. {"key":"_security_main"} []
[2021-09-16 23:55:39] request.INFO: Matched route "admin_product_form". {"route":"admin_product_form","route_parameters":{"_controller":"PrestaShopBundle\\Controller\\Admin\\ProductController::formAction","_legacy_controller":"AdminProducts","_legacy_param_mapper_class":"PrestaShop\\PrestaShop\\Adapter\\Product\\AdminProductDataProvider","_legacy_param_mapper_method":"mapLegacyParametersProductForm","id":"16","_route":"admin_product_form"},"request_uri":"http://localhost/MonProjet/admin374hj57bz/index.php/sell/catalog/products/16?_token=Kyft8Y7xVIo37Syunm4vxXwSlhuX2t_jeuXlEh1DcZY","method":"GET"} []
[2021-09-16 23:55:39] security.DEBUG: Read existing security token from the session. {"key":"_security_main","token_class":"Symfony\\Component\\Security\\Core\\Authentication\\Token\\UsernamePasswordToken"} []
[2021-09-16 23:55:39] security.DEBUG: User was reloaded from a user provider. {"provider":"PrestaShopBundle\\Security\\Admin\\EmployeeProvider","username":"bakhoumdemba1@gmail.com"} []
[2021-09-16 23:55:41] app.ERROR: Data from PrestaShop Addons is invalid, and cannot fallback on cache.  {"exception":"cURL error 6: Could not resolve host: api-addons.prestashop.com"} []
[2021-09-16 23:55:42] security.DEBUG: Stored the security token in the session. {"key":"_security_main"} []
[2021-09-16 23:56:04] request.INFO: Matched route "admin_product_form". {"route":"admin_product_form","route_parameters":{"_controller":"PrestaShopBundle\\Controller\\Admin\\ProductController::formAction","_legacy_controller":"AdminProducts","_legacy_param_mapper_class":"PrestaShop\\PrestaShop\\Adapter\\Product\\AdminProductDataProvider","_legacy_param_mapper_method":"mapLegacyParametersProductForm","id":"15","_route":"admin_product_form"},"request_uri":"http://localhost/MonProjet/admin374hj57bz/index.php/sell/catalog/products/15?_token=Kyft8Y7xVIo37Syunm4vxXwSlhuX2t_jeuXlEh1DcZY","method":"GET"} []
[2021-09-16 23:56:04] security.DEBUG: Read existing security token from the session. {"key":"_security_main","token_class":"Symfony\\Component\\Security\\Core\\Authentication\\Token\\UsernamePasswordToken"} []
[2021-09-16 23:56:04] security.DEBUG: User was reloaded from a user provider. {"provider":"PrestaShopBundle\\Security\\Admin\\EmployeeProvider","username":"bakhoumdemba1@gmail.com"} []
[2021-09-16 23:56:05] app.ERROR: Data from PrestaShop Addons is invalid, and cannot fallback on cache.  {"exception":"cURL error 6: Could not resolve host: api-addons.prestashop.com"} []
[2021-09-16 23:56:06] security.DEBUG: Stored the security token in the session. {"key":"_security_main"} []
[2021-09-16 23:56:29] request.INFO: Matched route "admin_product_form". {"route":"admin_product_form","route_parameters":{"_controller":"PrestaShopBundle\\Controller\\Admin\\ProductController::formAction","_legacy_controller":"AdminProducts","_legacy_param_mapper_class":"PrestaShop\\PrestaShop\\Adapter\\Product\\AdminProductDataProvider","_legacy_param_mapper_method":"mapLegacyParametersProductForm","id":"14","_route":"admin_product_form"},"request_uri":"http://localhost/MonProjet/admin374hj57bz/index.php/sell/catalog/products/14?_token=Kyft8Y7xVIo37Syunm4vxXwSlhuX2t_jeuXlEh1DcZY","method":"GET"} []
[2021-09-16 23:56:29] security.DEBUG: Read existing security token from the session. {"key":"_security_main","token_class":"Symfony\\Component\\Security\\Core\\Authentication\\Token\\UsernamePasswordToken"} []
[2021-09-16 23:56:29] security.DEBUG: User was reloaded from a user provider. {"provider":"PrestaShopBundle\\Security\\Admin\\EmployeeProvider","username":"bakhoumdemba1@gmail.com"} []
[2021-09-16 23:56:31] app.ERROR: Data from PrestaShop Addons is invalid, and cannot fallback on cache.  {"exception":"cURL error 6: Could not resolve host: api-addons.prestashop.com"} []
[2021-09-16 23:56:31] security.DEBUG: Stored the security token in the session. {"key":"_security_main"} []
[2021-09-16 23:56:59] request.INFO: Matched route "admin_product_form". {"route":"admin_product_form","route_parameters":{"_controller":"PrestaShopBundle\\Controller\\Admin\\ProductController::formAction","_legacy_controller":"AdminProducts","_legacy_param_mapper_class":"PrestaShop\\PrestaShop\\Adapter\\Product\\AdminProductDataProvider","_legacy_param_mapper_method":"mapLegacyParametersProductForm","id":"13","_route":"admin_product_form"},"request_uri":"http://localhost/MonProjet/admin374hj57bz/index.php/sell/catalog/products/13?_token=Kyft8Y7xVIo37Syunm4vxXwSlhuX2t_jeuXlEh1DcZY","method":"GET"} []
[2021-09-16 23:56:59] security.DEBUG: Read existing security token from the session. {"key":"_security_main","token_class":"Symfony\\Component\\Security\\Core\\Authentication\\Token\\UsernamePasswordToken"} []
[2021-09-16 23:56:59] security.DEBUG: User was reloaded from a user provider. {"provider":"PrestaShopBundle\\Security\\Admin\\EmployeeProvider","username":"bakhoumdemba1@gmail.com"} []
[2021-09-16 23:57:00] app.ERROR: Data from PrestaShop Addons is invalid, and cannot fallback on cache.  {"exception":"cURL error 6: Could not resolve host: api-addons.prestashop.com"} []
[2021-09-16 23:57:01] security.DEBUG: Stored the security token in the session. {"key":"_security_main"} []
[2021-09-16 23:57:25] request.INFO: Matched route "admin_product_form". {"route":"admin_product_form","route_parameters":{"_controller":"PrestaShopBundle\\Controller\\Admin\\ProductController::formAction","_legacy_controller":"AdminProducts","_legacy_param_mapper_class":"PrestaShop\\PrestaShop\\Adapter\\Product\\AdminProductDataProvider","_legacy_param_mapper_method":"mapLegacyParametersProductForm","id":"12","_route":"admin_product_form"},"request_uri":"http://localhost/MonProjet/admin374hj57bz/index.php/sell/catalog/products/12?_token=Kyft8Y7xVIo37Syunm4vxXwSlhuX2t_jeuXlEh1DcZY","method":"GET"} []
[2021-09-16 23:57:25] security.DEBUG: Read existing security token from the session. {"key":"_security_main","token_class":"Symfony\\Component\\Security\\Core\\Authentication\\Token\\UsernamePasswordToken"} []
[2021-09-16 23:57:25] security.DEBUG: User was reloaded from a user provider. {"provider":"PrestaShopBundle\\Security\\Admin\\EmployeeProvider","username":"bakhoumdemba1@gmail.com"} []
[2021-09-16 23:57:26] app.ERROR: Data from PrestaShop Addons is invalid, and cannot fallback on cache.  {"exception":"cURL error 6: Could not resolve host: api-addons.prestashop.com"} []
[2021-09-16 23:57:26] security.DEBUG: Stored the security token in the session. {"key":"_security_main"} []
[2021-09-16 23:57:45] request.INFO: Matched route "admin_product_form". {"route":"admin_product_form","route_parameters":{"_controller":"PrestaShopBundle\\Controller\\Admin\\ProductController::formAction","_legacy_controller":"AdminProducts","_legacy_param_mapper_class":"PrestaShop\\PrestaShop\\Adapter\\Product\\AdminProductDataProvider","_legacy_param_mapper_method":"mapLegacyParametersProductForm","id":"11","_route":"admin_product_form"},"request_uri":"http://localhost/MonProjet/admin374hj57bz/index.php/sell/catalog/products/11?_token=Kyft8Y7xVIo37Syunm4vxXwSlhuX2t_jeuXlEh1DcZY","method":"GET"} []
[2021-09-16 23:57:45] security.DEBUG: Read existing security token from the session. {"key":"_security_main","token_class":"Symfony\\Component\\Security\\Core\\Authentication\\Token\\UsernamePasswordToken"} []
[2021-09-16 23:57:45] security.DEBUG: User was reloaded from a user provider. {"provider":"PrestaShopBundle\\Security\\Admin\\EmployeeProvider","username":"bakhoumdemba1@gmail.com"} []
[2021-09-16 23:57:46] app.ERROR: Data from PrestaShop Addons is invalid, and cannot fallback on cache.  {"exception":"cURL error 6: Could not resolve host: api-addons.prestashop.com"} []
[2021-09-16 23:57:46] security.DEBUG: Stored the security token in the session. {"key":"_security_main"} []
[2021-09-17 00:07:52] request.INFO: Matched route "admin_product_form". {"route":"admin_product_form","route_parameters":{"_controller":"PrestaShopBundle\\Controller\\Admin\\ProductController::formAction","_legacy_controller":"AdminProducts","_legacy_param_mapper_class":"PrestaShop\\PrestaShop\\Adapter\\Product\\AdminProductDataProvider","_legacy_param_mapper_method":"mapLegacyParametersProductForm","id":"9","_route":"admin_product_form"},"request_uri":"http://localhost/MonProjet/admin374hj57bz/index.php/sell/catalog/products/9?_token=Kyft8Y7xVIo37Syunm4vxXwSlhuX2t_jeuXlEh1DcZY","method":"GET"} []
[2021-09-17 00:07:52] security.DEBUG: Read existing security token from the session. {"key":"_security_main","token_class":"Symfony\\Component\\Security\\Core\\Authentication\\Token\\UsernamePasswordToken"} []
[2021-09-17 00:07:52] security.DEBUG: User was reloaded from a user provider. {"provider":"PrestaShopBundle\\Security\\Admin\\EmployeeProvider","username":"bakhoumdemba1@gmail.com"} []
[2021-09-17 00:07:54] app.ERROR: Data from PrestaShop Addons is invalid, and cannot fallback on cache.  {"exception":"cURL error 6: Could not resolve host: api-addons.prestashop.com"} []
[2021-09-17 00:07:55] security.DEBUG: Stored the security token in the session. {"key":"_security_main"} []
[2021-09-17 00:08:13] request.INFO: Matched route "admin_product_form". {"route":"admin_product_form","route_parameters":{"_controller":"PrestaShopBundle\\Controller\\Admin\\ProductController::formAction","_legacy_controller":"AdminProducts","_legacy_param_mapper_class":"PrestaShop\\PrestaShop\\Adapter\\Product\\AdminProductDataProvider","_legacy_param_mapper_method":"mapLegacyParametersProductForm","id":"8","_route":"admin_product_form"},"request_uri":"http://localhost/MonProjet/admin374hj57bz/index.php/sell/catalog/products/8?_token=Kyft8Y7xVIo37Syunm4vxXwSlhuX2t_jeuXlEh1DcZY","method":"GET"} []
[2021-09-17 00:08:13] security.DEBUG: Read existing security token from the session. {"key":"_security_main","token_class":"Symfony\\Component\\Security\\Core\\Authentication\\Token\\UsernamePasswordToken"} []
[2021-09-17 00:08:13] security.DEBUG: User was reloaded from a user provider. {"provider":"PrestaShopBundle\\Security\\Admin\\EmployeeProvider","username":"bakhoumdemba1@gmail.com"} []
[2021-09-17 00:08:15] app.ERROR: Data from PrestaShop Addons is invalid, and cannot fallback on cache.  {"exception":"cURL error 6: Could not resolve host: api-addons.prestashop.com"} []
[2021-09-17 00:08:15] security.DEBUG: Stored the security token in the session. {"key":"_security_main"} []
[2021-09-17 00:08:34] request.INFO: Matched route "admin_product_form". {"route":"admin_product_form","route_parameters":{"_controller":"PrestaShopBundle\\Controller\\Admin\\ProductController::formAction","_legacy_controller":"AdminProducts","_legacy_param_mapper_class":"PrestaShop\\PrestaShop\\Adapter\\Product\\AdminProductDataProvider","_legacy_param_mapper_method":"mapLegacyParametersProductForm","id":"7","_route":"admin_product_form"},"request_uri":"http://localhost/MonProjet/admin374hj57bz/index.php/sell/catalog/products/7?_token=Kyft8Y7xVIo37Syunm4vxXwSlhuX2t_jeuXlEh1DcZY","method":"GET"} []
[2021-09-17 00:08:34] security.DEBUG: Read existing security token from the session. {"key":"_security_main","token_class":"Symfony\\Component\\Security\\Core\\Authentication\\Token\\UsernamePasswordToken"} []
[2021-09-17 00:08:34] security.DEBUG: User was reloaded from a user provider. {"provider":"PrestaShopBundle\\Security\\Admin\\EmployeeProvider","username":"bakhoumdemba1@gmail.com"} []
[2021-09-17 00:08:35] app.ERROR: Data from PrestaShop Addons is invalid, and cannot fallback on cache.  {"exception":"cURL error 6: Could not resolve host: api-addons.prestashop.com"} []
[2021-09-17 00:08:36] security.DEBUG: Stored the security token in the session. {"key":"_security_main"} []
[2021-09-17 00:09:06] request.INFO: Matched route "admin_product_form". {"route":"admin_product_form","route_parameters":{"_controller":"PrestaShopBundle\\Controller\\Admin\\ProductController::formAction","_legacy_controller":"AdminProducts","_legacy_param_mapper_class":"PrestaShop\\PrestaShop\\Adapter\\Product\\AdminProductDataProvider","_legacy_param_mapper_method":"mapLegacyParametersProductForm","id":"6","_route":"admin_product_form"},"request_uri":"http://localhost/MonProjet/admin374hj57bz/index.php/sell/catalog/products/6?_token=Kyft8Y7xVIo37Syunm4vxXwSlhuX2t_jeuXlEh1DcZY","method":"GET"} []
[2021-09-17 00:09:06] security.DEBUG: Read existing security token from the session. {"key":"_security_main","token_class":"Symfony\\Component\\Security\\Core\\Authentication\\Token\\UsernamePasswordToken"} []
[2021-09-17 00:09:06] security.DEBUG: User was reloaded from a user provider. {"provider":"PrestaShopBundle\\Security\\Admin\\EmployeeProvider","username":"bakhoumdemba1@gmail.com"} []
[2021-09-17 00:09:07] app.ERROR: Data from PrestaShop Addons is invalid, and cannot fallback on cache.  {"exception":"cURL error 6: Could not resolve host: api-addons.prestashop.com"} []
[2021-09-17 00:09:07] security.DEBUG: Stored the security token in the session. {"key":"_security_main"} []
[2021-09-17 00:09:50] request.INFO: Matched route "admin_product_form". {"route":"admin_product_form","route_parameters":{"_controller":"PrestaShopBundle\\Controller\\Admin\\ProductController::formAction","_legacy_controller":"AdminProducts","_legacy_param_mapper_class":"PrestaShop\\PrestaShop\\Adapter\\Product\\AdminProductDataProvider","_legacy_param_mapper_method":"mapLegacyParametersProductForm","id":"5","_route":"admin_product_form"},"request_uri":"http://localhost/MonProjet/admin374hj57bz/index.php/sell/catalog/products/5?_token=Kyft8Y7xVIo37Syunm4vxXwSlhuX2t_jeuXlEh1DcZY","method":"GET"} []
[2021-09-17 00:09:50] security.DEBUG: Read existing security token from the session. {"key":"_security_main","token_class":"Symfony\\Component\\Security\\Core\\Authentication\\Token\\UsernamePasswordToken"} []
[2021-09-17 00:09:50] security.DEBUG: User was reloaded from a user provider. {"provider":"PrestaShopBundle\\Security\\Admin\\EmployeeProvider","username":"bakhoumdemba1@gmail.com"} []
[2021-09-17 00:09:52] app.ERROR: Data from PrestaShop Addons is invalid, and cannot fallback on cache.  {"exception":"cURL error 6: Could not resolve host: api-addons.prestashop.com"} []
[2021-09-17 00:09:52] security.DEBUG: Stored the security token in the session. {"key":"_security_main"} []
[2021-09-17 00:10:20] request.INFO: Matched route "admin_product_form". {"route":"admin_product_form","route_parameters":{"_controller":"PrestaShopBundle\\Controller\\Admin\\ProductController::formAction","_legacy_controller":"AdminProducts","_legacy_param_mapper_class":"PrestaShop\\PrestaShop\\Adapter\\Product\\AdminProductDataProvider","_legacy_param_mapper_method":"mapLegacyParametersProductForm","id":"4","_route":"admin_product_form"},"request_uri":"http://localhost/MonProjet/admin374hj57bz/index.php/sell/catalog/products/4?_token=Kyft8Y7xVIo37Syunm4vxXwSlhuX2t_jeuXlEh1DcZY","method":"GET"} []
[2021-09-17 00:10:20] security.DEBUG: Read existing security token from the session. {"key":"_security_main","token_class":"Symfony\\Component\\Security\\Core\\Authentication\\Token\\UsernamePasswordToken"} []
[2021-09-17 00:10:20] security.DEBUG: User was reloaded from a user provider. {"provider":"PrestaShopBundle\\Security\\Admin\\EmployeeProvider","username":"bakhoumdemba1@gmail.com"} []
[2021-09-17 00:10:22] app.ERROR: Data from PrestaShop Addons is invalid, and cannot fallback on cache.  {"exception":"cURL error 6: Could not resolve host: api-addons.prestashop.com"} []
[2021-09-17 00:10:22] security.DEBUG: Stored the security token in the session. {"key":"_security_main"} []
[2021-09-17 00:11:26] request.INFO: Matched route "admin_product_form". {"route":"admin_product_form","route_parameters":{"_controller":"PrestaShopBundle\\Controller\\Admin\\ProductController::formAction","_legacy_controller":"AdminProducts","_legacy_param_mapper_class":"PrestaShop\\PrestaShop\\Adapter\\Product\\AdminProductDataProvider","_legacy_param_mapper_method":"mapLegacyParametersProductForm","id":"3","_route":"admin_product_form"},"request_uri":"http://localhost/MonProjet/admin374hj57bz/index.php/sell/catalog/products/3?_token=Kyft8Y7xVIo37Syunm4vxXwSlhuX2t_jeuXlEh1DcZY","method":"GET"} []
[2021-09-17 00:11:26] security.DEBUG: Read existing security token from the session. {"key":"_security_main","token_class":"Symfony\\Component\\Security\\Core\\Authentication\\Token\\UsernamePasswordToken"} []
[2021-09-17 00:11:26] security.DEBUG: User was reloaded from a user provider. {"provider":"PrestaShopBundle\\Security\\Admin\\EmployeeProvider","username":"bakhoumdemba1@gmail.com"} []
[2021-09-17 00:11:27] app.ERROR: Data from PrestaShop Addons is invalid, and cannot fallback on cache.  {"exception":"cURL error 6: Could not resolve host: api-addons.prestashop.com"} []
[2021-09-17 00:11:27] security.DEBUG: Stored the security token in the session. {"key":"_security_main"} []
[2021-09-17 00:11:49] request.INFO: Matched route "admin_product_form". {"route":"admin_product_form","route_parameters":{"_controller":"PrestaShopBundle\\Controller\\Admin\\ProductController::formAction","_legacy_controller":"AdminProducts","_legacy_param_mapper_class":"PrestaShop\\PrestaShop\\Adapter\\Product\\AdminProductDataProvider","_legacy_param_mapper_method":"mapLegacyParametersProductForm","id":"2","_route":"admin_product_form"},"request_uri":"http://localhost/MonProjet/admin374hj57bz/index.php/sell/catalog/products/2?_token=Kyft8Y7xVIo37Syunm4vxXwSlhuX2t_jeuXlEh1DcZY","method":"GET"} []
[2021-09-17 00:11:49] security.DEBUG: Read existing security token from the session. {"key":"_security_main","token_class":"Symfony\\Component\\Security\\Core\\Authentication\\Token\\UsernamePasswordToken"} []
[2021-09-17 00:11:49] security.DEBUG: User was reloaded from a user provider. {"provider":"PrestaShopBundle\\Security\\Admin\\EmployeeProvider","username":"bakhoumdemba1@gmail.com"} []
[2021-09-17 00:11:51] app.ERROR: Data from PrestaShop Addons is invalid, and cannot fallback on cache.  {"exception":"cURL error 6: Could not resolve host: api-addons.prestashop.com"} []
[2021-09-17 00:11:51] security.DEBUG: Stored the security token in the session. {"key":"_security_main"} []
[2021-09-17 00:12:14] request.INFO: Matched route "admin_product_form". {"route":"admin_product_form","route_parameters":{"_controller":"PrestaShopBundle\\Controller\\Admin\\ProductController::formAction","_legacy_controller":"AdminProducts","_legacy_param_mapper_class":"PrestaShop\\PrestaShop\\Adapter\\Product\\AdminProductDataProvider","_legacy_param_mapper_method":"mapLegacyParametersProductForm","id":"2","_route":"admin_product_form"},"request_uri":"http://localhost/MonProjet/admin374hj57bz/index.php/sell/catalog/products/2?_token=Kyft8Y7xVIo37Syunm4vxXwSlhuX2t_jeuXlEh1DcZY","method":"GET"} []
[2021-09-17 00:12:14] security.DEBUG: Read existing security token from the session. {"key":"_security_main","token_class":"Symfony\\Component\\Security\\Core\\Authentication\\Token\\UsernamePasswordToken"} []
[2021-09-17 00:12:14] security.DEBUG: User was reloaded from a user provider. {"provider":"PrestaShopBundle\\Security\\Admin\\EmployeeProvider","username":"bakhoumdemba1@gmail.com"} []
[2021-09-17 00:12:16] app.ERROR: Data from PrestaShop Addons is invalid, and cannot fallback on cache.  {"exception":"cURL error 6: Could not resolve host: api-addons.prestashop.com"} []
[2021-09-17 00:12:16] security.DEBUG: Stored the security token in the session. {"key":"_security_main"} []
[2021-09-17 00:12:36] request.INFO: Matched route "admin_product_form". {"route":"admin_product_form","route_parameters":{"_controller":"PrestaShopBundle\\Controller\\Admin\\ProductController::formAction","_legacy_controller":"AdminProducts","_legacy_param_mapper_class":"PrestaShop\\PrestaShop\\Adapter\\Product\\AdminProductDataProvider","_legacy_param_mapper_method":"mapLegacyParametersProductForm","id":"1","_route":"admin_product_form"},"request_uri":"http://localhost/MonProjet/admin374hj57bz/index.php/sell/catalog/products/1?_token=Kyft8Y7xVIo37Syunm4vxXwSlhuX2t_jeuXlEh1DcZY","method":"GET"} []
[2021-09-17 00:12:36] security.DEBUG: Read existing security token from the session. {"key":"_security_main","token_class":"Symfony\\Component\\Security\\Core\\Authentication\\Token\\UsernamePasswordToken"} []
[2021-09-17 00:12:36] security.DEBUG: User was reloaded from a user provider. {"provider":"PrestaShopBundle\\Security\\Admin\\EmployeeProvider","username":"bakhoumdemba1@gmail.com"} []
[2021-09-17 00:12:37] app.ERROR: Data from PrestaShop Addons is invalid, and cannot fallback on cache.  {"exception":"cURL error 6: Could not resolve host: api-addons.prestashop.com"} []
[2021-09-17 00:12:38] security.DEBUG: Stored the security token in the session. {"key":"_security_main"} []
[2021-09-17 00:21:34] request.INFO: Matched route "admin_module_manage". {"route":"admin_module_manage","route_parameters":{"category":null,"keyword":null,"_controller":"PrestaShopBundle\\Controller\\Admin\\Improve\\ModuleController::manageAction","_legacy_controller":"AdminModulesManage","_legacy_link":["AdminModulesManage","AdminModulesSf"],"_route":"admin_module_manage"},"request_uri":"http://localhost/MonProjet/admin374hj57bz/index.php/improve/modules/manage?_token=Kyft8Y7xVIo37Syunm4vxXwSlhuX2t_jeuXlEh1DcZY","method":"GET"} []
[2021-09-17 00:21:34] security.DEBUG: Read existing security token from the session. {"key":"_security_main","token_class":"Symfony\\Component\\Security\\Core\\Authentication\\Token\\UsernamePasswordToken"} []
[2021-09-17 00:21:34] security.DEBUG: User was reloaded from a user provider. {"provider":"PrestaShopBundle\\Security\\Admin\\EmployeeProvider","username":"bakhoumdemba1@gmail.com"} []
[2021-09-17 00:21:34] app.ERROR: Data from PrestaShop Addons is invalid, and cannot fallback on cache.  {"exception":"cURL error 6: Could not resolve host: api-addons.prestashop.com"} []
[2021-09-17 00:21:36] security.DEBUG: Stored the security token in the session. {"key":"_security_main"} []
[2021-09-17 00:21:37] request.INFO: Matched route "admin_module_notification_count". {"route":"admin_module_notification_count","route_parameters":{"_controller":"PrestaShopBundle\\Controller\\Admin\\Improve\\Modules\\AlertsController::notificationsCountAction","_legacy_controller":"AdminModulesNotifications","_legacy_link":"AdminModulesNotifications:count","_route":"admin_module_notification_count"},"request_uri":"http://localhost/MonProjet/admin374hj57bz/index.php/improve/modules/alerts/count?_token=Kyft8Y7xVIo37Syunm4vxXwSlhuX2t_jeuXlEh1DcZY","method":"GET"} []
[2021-09-17 00:21:38] security.DEBUG: Read existing security token from the session. {"key":"_security_main","token_class":"Symfony\\Component\\Security\\Core\\Authentication\\Token\\UsernamePasswordToken"} []
[2021-09-17 00:21:38] security.DEBUG: User was reloaded from a user provider. {"provider":"PrestaShopBundle\\Security\\Admin\\EmployeeProvider","username":"bakhoumdemba1@gmail.com"} []
[2021-09-17 00:21:38] app.ERROR: Data from PrestaShop Addons is invalid, and cannot fallback on cache.  {"exception":"cURL error 6: Could not resolve host: api-addons.prestashop.com"} []
[2021-09-17 00:21:39] security.DEBUG: Stored the security token in the session. {"key":"_security_main"} []
[2021-09-17 00:21:48] request.INFO: Matched route "admin_module_configure_action". {"route":"admin_module_configure_action","route_parameters":{"_controller":"PrestaShopBundle\\Controller\\Admin\\Improve\\ModuleController::configureModuleAction","_legacy_controller":"AdminModules","module_name":"ps_mainmenu","_route":"admin_module_configure_action"},"request_uri":"http://localhost/MonProjet/admin374hj57bz/index.php/improve/modules/manage/action/configure/ps_mainmenu?_token=Kyft8Y7xVIo37Syunm4vxXwSlhuX2t_jeuXlEh1DcZY","method":"GET"} []
[2021-09-17 00:21:48] security.DEBUG: Read existing security token from the session. {"key":"_security_main","token_class":"Symfony\\Component\\Security\\Core\\Authentication\\Token\\UsernamePasswordToken"} []
[2021-09-17 00:21:48] security.DEBUG: User was reloaded from a user provider. {"provider":"PrestaShopBundle\\Security\\Admin\\EmployeeProvider","username":"bakhoumdemba1@gmail.com"} []
[2021-09-17 00:21:48] app.ERROR: Data from PrestaShop Addons is invalid, and cannot fallback on cache.  {"exception":"cURL error 6: Could not resolve host: api-addons.prestashop.com"} []
[2021-09-17 00:21:53] security.DEBUG: Stored the security token in the session. {"key":"_security_main"} []
[2021-09-17 00:23:53] request.INFO: Matched route "admin_module_manage". {"route":"admin_module_manage","route_parameters":{"category":null,"keyword":null,"_controller":"PrestaShopBundle\\Controller\\Admin\\Improve\\ModuleController::manageAction","_legacy_controller":"AdminModulesManage","_legacy_link":["AdminModulesManage","AdminModulesSf"],"_route":"admin_module_manage"},"request_uri":"http://localhost/MonProjet/admin374hj57bz/index.php/improve/modules/manage?_token=Kyft8Y7xVIo37Syunm4vxXwSlhuX2t_jeuXlEh1DcZY","method":"GET"} []
[2021-09-17 00:23:53] security.DEBUG: Read existing security token from the session. {"key":"_security_main","token_class":"Symfony\\Component\\Security\\Core\\Authentication\\Token\\UsernamePasswordToken"} []
[2021-09-17 00:23:53] security.DEBUG: User was reloaded from a user provider. {"provider":"PrestaShopBundle\\Security\\Admin\\EmployeeProvider","username":"bakhoumdemba1@gmail.com"} []
[2021-09-17 00:23:53] app.ERROR: Data from PrestaShop Addons is invalid, and cannot fallback on cache.  {"exception":"cURL error 6: Could not resolve host: api-addons.prestashop.com"} []
[2021-09-17 00:23:54] security.DEBUG: Stored the security token in the session. {"key":"_security_main"} []
[2021-09-17 00:23:56] request.INFO: Matched route "admin_module_notification_count". {"route":"admin_module_notification_count","route_parameters":{"_controller":"PrestaShopBundle\\Controller\\Admin\\Improve\\Modules\\AlertsController::notificationsCountAction","_legacy_controller":"AdminModulesNotifications","_legacy_link":"AdminModulesNotifications:count","_route":"admin_module_notification_count"},"request_uri":"http://localhost/MonProjet/admin374hj57bz/index.php/improve/modules/alerts/count?_token=Kyft8Y7xVIo37Syunm4vxXwSlhuX2t_jeuXlEh1DcZY","method":"GET"} []
[2021-09-17 00:23:56] security.DEBUG: Read existing security token from the session. {"key":"_security_main","token_class":"Symfony\\Component\\Security\\Core\\Authentication\\Token\\UsernamePasswordToken"} []
[2021-09-17 00:23:56] security.DEBUG: User was reloaded from a user provider. {"provider":"PrestaShopBundle\\Security\\Admin\\EmployeeProvider","username":"bakhoumdemba1@gmail.com"} []
[2021-09-17 00:23:56] app.ERROR: Data from PrestaShop Addons is invalid, and cannot fallback on cache.  {"exception":"cURL error 6: Could not resolve host: api-addons.prestashop.com"} []
[2021-09-17 00:23:56] security.DEBUG: Stored the security token in the session. {"key":"_security_main"} []
[2021-09-17 00:24:53] request.INFO: Matched route "admin_module_configure_action". {"route":"admin_module_configure_action","route_parameters":{"_controller":"PrestaShopBundle\\Controller\\Admin\\Improve\\ModuleController::configureModuleAction","_legacy_controller":"AdminModules","module_name":"ps_imageslider","_route":"admin_module_configure_action"},"request_uri":"http://localhost/MonProjet/admin374hj57bz/index.php/improve/modules/manage/action/configure/ps_imageslider?_token=Kyft8Y7xVIo37Syunm4vxXwSlhuX2t_jeuXlEh1DcZY","method":"GET"} []
[2021-09-17 00:24:53] security.DEBUG: Read existing security token from the session. {"key":"_security_main","token_class":"Symfony\\Component\\Security\\Core\\Authentication\\Token\\UsernamePasswordToken"} []
[2021-09-17 00:24:53] security.DEBUG: User was reloaded from a user provider. {"provider":"PrestaShopBundle\\Security\\Admin\\EmployeeProvider","username":"bakhoumdemba1@gmail.com"} []
[2021-09-17 00:24:54] app.ERROR: Data from PrestaShop Addons is invalid, and cannot fallback on cache.  {"exception":"cURL error 6: Could not resolve host: api-addons.prestashop.com"} []
[2021-09-17 00:24:54] security.DEBUG: Stored the security token in the session. {"key":"_security_main"} []
[2021-09-17 00:29:25] request.INFO: Matched route "admin_module_manage". {"route":"admin_module_manage","route_parameters":{"category":null,"keyword":null,"_controller":"PrestaShopBundle\\Controller\\Admin\\Improve\\ModuleController::manageAction","_legacy_controller":"AdminModulesManage","_legacy_link":["AdminModulesManage","AdminModulesSf"],"_route":"admin_module_manage"},"request_uri":"http://localhost/MonProjet/admin374hj57bz/index.php/improve/modules/manage?_token=Kyft8Y7xVIo37Syunm4vxXwSlhuX2t_jeuXlEh1DcZY","method":"GET"} []
[2021-09-17 00:29:25] security.DEBUG: Read existing security token from the session. {"key":"_security_main","token_class":"Symfony\\Component\\Security\\Core\\Authentication\\Token\\UsernamePasswordToken"} []
[2021-09-17 00:29:25] security.DEBUG: User was reloaded from a user provider. {"provider":"PrestaShopBundle\\Security\\Admin\\EmployeeProvider","username":"bakhoumdemba1@gmail.com"} []
[2021-09-17 00:29:25] app.ERROR: Data from PrestaShop Addons is invalid, and cannot fallback on cache.  {"exception":"cURL error 6: Could not resolve host: api-addons.prestashop.com"} []
[2021-09-17 00:29:26] security.DEBUG: Stored the security token in the session. {"key":"_security_main"} []
[2021-09-17 00:29:28] request.INFO: Matched route "admin_module_notification_count". {"route":"admin_module_notification_count","route_parameters":{"_controller":"PrestaShopBundle\\Controller\\Admin\\Improve\\Modules\\AlertsController::notificationsCountAction","_legacy_controller":"AdminModulesNotifications","_legacy_link":"AdminModulesNotifications:count","_route":"admin_module_notification_count"},"request_uri":"http://localhost/MonProjet/admin374hj57bz/index.php/improve/modules/alerts/count?_token=Kyft8Y7xVIo37Syunm4vxXwSlhuX2t_jeuXlEh1DcZY","method":"GET"} []
[2021-09-17 00:29:28] security.DEBUG: Read existing security token from the session. {"key":"_security_main","token_class":"Symfony\\Component\\Security\\Core\\Authentication\\Token\\UsernamePasswordToken"} []
[2021-09-17 00:29:28] security.DEBUG: User was reloaded from a user provider. {"provider":"PrestaShopBundle\\Security\\Admin\\EmployeeProvider","username":"bakhoumdemba1@gmail.com"} []
[2021-09-17 00:29:28] app.ERROR: Data from PrestaShop Addons is invalid, and cannot fallback on cache.  {"exception":"cURL error 6: Could not resolve host: api-addons.prestashop.com"} []
[2021-09-17 00:29:29] security.DEBUG: Stored the security token in the session. {"key":"_security_main"} []
[2021-09-17 00:29:37] request.INFO: Matched route "admin_module_configure_action". {"route":"admin_module_configure_action","route_parameters":{"_controller":"PrestaShopBundle\\Controller\\Admin\\Improve\\ModuleController::configureModuleAction","_legacy_controller":"AdminModules","module_name":"ps_mainmenu","_route":"admin_module_configure_action"},"request_uri":"http://localhost/MonProjet/admin374hj57bz/index.php/improve/modules/manage/action/configure/ps_mainmenu?_token=Kyft8Y7xVIo37Syunm4vxXwSlhuX2t_jeuXlEh1DcZY","method":"GET"} []
[2021-09-17 00:29:37] security.DEBUG: Read existing security token from the session. {"key":"_security_main","token_class":"Symfony\\Component\\Security\\Core\\Authentication\\Token\\UsernamePasswordToken"} []
[2021-09-17 00:29:37] security.DEBUG: User was reloaded from a user provider. {"provider":"PrestaShopBundle\\Security\\Admin\\EmployeeProvider","username":"bakhoumdemba1@gmail.com"} []
[2021-09-17 00:29:37] app.ERROR: Data from PrestaShop Addons is invalid, and cannot fallback on cache.  {"exception":"cURL error 6: Could not resolve host: api-addons.prestashop.com"} []
[2021-09-17 00:29:39] security.DEBUG: Stored the security token in the session. {"key":"_security_main"} []
[2021-09-17 00:30:53] request.INFO: Matched route "admin_module_manage". {"route":"admin_module_manage","route_parameters":{"category":null,"keyword":null,"_controller":"PrestaShopBundle\\Controller\\Admin\\Improve\\ModuleController::manageAction","_legacy_controller":"AdminModulesManage","_legacy_link":["AdminModulesManage","AdminModulesSf"],"_route":"admin_module_manage"},"request_uri":"http://localhost/MonProjet/admin374hj57bz/index.php/improve/modules/manage?_token=Kyft8Y7xVIo37Syunm4vxXwSlhuX2t_jeuXlEh1DcZY","method":"GET"} []
[2021-09-17 00:30:53] security.DEBUG: Read existing security token from the session. {"key":"_security_main","token_class":"Symfony\\Component\\Security\\Core\\Authentication\\Token\\UsernamePasswordToken"} []
[2021-09-17 00:30:53] security.DEBUG: User was reloaded from a user provider. {"provider":"PrestaShopBundle\\Security\\Admin\\EmployeeProvider","username":"bakhoumdemba1@gmail.com"} []
[2021-09-17 00:30:53] app.ERROR: Data from PrestaShop Addons is invalid, and cannot fallback on cache.  {"exception":"cURL error 6: Could not resolve host: api-addons.prestashop.com"} []
[2021-09-17 00:30:54] security.DEBUG: Stored the security token in the session. {"key":"_security_main"} []
[2021-09-17 00:32:31] request.INFO: Matched route "admin_module_configure_action". {"route":"admin_module_configure_action","route_parameters":{"_controller":"PrestaShopBundle\\Controller\\Admin\\Improve\\ModuleController::configureModuleAction","_legacy_controller":"AdminModules","module_name":"ps_imageslider","_route":"admin_module_configure_action"},"request_uri":"http://localhost/MonProjet/admin374hj57bz/index.php/improve/modules/manage/action/configure/ps_imageslider?_token=Kyft8Y7xVIo37Syunm4vxXwSlhuX2t_jeuXlEh1DcZY","method":"GET"} []
[2021-09-17 00:32:31] security.DEBUG: Read existing security token from the session. {"key":"_security_main","token_class":"Symfony\\Component\\Security\\Core\\Authentication\\Token\\UsernamePasswordToken"} []
[2021-09-17 00:32:31] security.DEBUG: User was reloaded from a user provider. {"provider":"PrestaShopBundle\\Security\\Admin\\EmployeeProvider","username":"bakhoumdemba1@gmail.com"} []
[2021-09-17 00:32:31] app.ERROR: Data from PrestaShop Addons is invalid, and cannot fallback on cache.  {"exception":"cURL error 6: Could not resolve host: api-addons.prestashop.com"} []
[2021-09-17 00:32:33] security.DEBUG: Stored the security token in the session. {"key":"_security_main"} []
[2021-09-17 00:53:13] request.INFO: Matched route "admin_module_manage". {"route":"admin_module_manage","route_parameters":{"category":null,"keyword":null,"_controller":"PrestaShopBundle\\Controller\\Admin\\Improve\\ModuleController::manageAction","_legacy_controller":"AdminModulesManage","_legacy_link":["AdminModulesManage","AdminModulesSf"],"_route":"admin_module_manage"},"request_uri":"http://localhost/MonProjet/admin374hj57bz/index.php/improve/modules/manage?_token=Kyft8Y7xVIo37Syunm4vxXwSlhuX2t_jeuXlEh1DcZY","method":"GET"} []
[2021-09-17 00:53:13] security.DEBUG: Read existing security token from the session. {"key":"_security_main","token_class":"Symfony\\Component\\Security\\Core\\Authentication\\Token\\UsernamePasswordToken"} []
[2021-09-17 00:53:13] security.DEBUG: User was reloaded from a user provider. {"provider":"PrestaShopBundle\\Security\\Admin\\EmployeeProvider","username":"bakhoumdemba1@gmail.com"} []
[2021-09-17 00:53:18] app.ERROR: Data from PrestaShop Addons is invalid, and cannot fallback on cache.  {"exception":"cURL error 28: Operation timed out after 5002 milliseconds with 399203 bytes received"} []
[2021-09-17 00:53:20] security.DEBUG: Stored the security token in the session. {"key":"_security_main"} []
[2021-09-17 00:53:22] request.INFO: Matched route "admin_module_notification_count". {"route":"admin_module_notification_count","route_parameters":{"_controller":"PrestaShopBundle\\Controller\\Admin\\Improve\\Modules\\AlertsController::notificationsCountAction","_legacy_controller":"AdminModulesNotifications","_legacy_link":"AdminModulesNotifications:count","_route":"admin_module_notification_count"},"request_uri":"http://localhost/MonProjet/admin374hj57bz/index.php/improve/modules/alerts/count?_token=Kyft8Y7xVIo37Syunm4vxXwSlhuX2t_jeuXlEh1DcZY","method":"GET"} []
[2021-09-17 00:53:22] security.DEBUG: Read existing security token from the session. {"key":"_security_main","token_class":"Symfony\\Component\\Security\\Core\\Authentication\\Token\\UsernamePasswordToken"} []
[2021-09-17 00:53:22] security.DEBUG: User was reloaded from a user provider. {"provider":"PrestaShopBundle\\Security\\Admin\\EmployeeProvider","username":"bakhoumdemba1@gmail.com"} []
[2021-09-17 00:53:27] app.ERROR: Data from PrestaShop Addons is invalid, and cannot fallback on cache.  {"exception":"cURL error 28: Operation timed out after 5000 milliseconds with 659434 bytes received"} []
[2021-09-17 00:53:28] security.DEBUG: Stored the security token in the session. {"key":"_security_main"} []
